<?xml version="1.0" encoding="UTF-8"?>
<!-- Generated by org.testng.reporters.JUnitXMLReporter -->
<testsuite hostname="INPUHJLP07059" ignored="0" name="Default test" tests="2" failures="1" timestamp="29 Jan 2019 14:09:31 GMT" time="50.275" errors="0">
  <testcase name="@AfterMethod tearDown" time="5.381" classname="webShop.Category">
    <failure type="java.lang.NoClassDefFoundError" message="org/bson/types/ObjectId">
      <![CDATA[java.lang.NoClassDefFoundError: org/bson/types/ObjectId
at java.lang.Class.getDeclaredMethods0(Native Method)
at java.lang.Class.privateGetDeclaredMethods(Unknown Source)
at java.lang.Class.privateGetPublicMethods(Unknown Source)
at java.lang.Class.getMethods(Unknown Source)
at freemarker.ext.beans.ClassIntrospector.discoverAccessibleMethods(ClassIntrospector.java:464)
at freemarker.ext.beans.ClassIntrospector.discoverAccessibleMethods(ClassIntrospector.java:457)
at freemarker.ext.beans.ClassIntrospector.createClassIntrospectionData(ClassIntrospector.java:268)
at freemarker.ext.beans.ClassIntrospector.get(ClassIntrospector.java:244)
at freemarker.ext.beans.BeanModel.<init>(BeanModel.java:114)
at freemarker.ext.beans.BeanModel.<init>(BeanModel.java:104)
at freemarker.ext.beans.StringModel.<init>(StringModel.java:52)
at freemarker.ext.beans.StringModel$1.create(StringModel.java:37)
at freemarker.ext.beans.BeansModelCache.create(BeansModelCache.java:71)
at freemarker.ext.util.ModelCache.getInstance(ModelCache.java:84)
at freemarker.ext.beans.BeansWrapper.wrap(BeansWrapper.java:860)
at freemarker.template.DefaultObjectWrapper.handleUnknownType(DefaultObjectWrapper.java:235)
at freemarker.template.DefaultObjectWrapper.wrap(DefaultObjectWrapper.java:214)
at freemarker.template.WrappingTemplateModel.wrap(WrappingTemplateModel.java:105)
at freemarker.template.DefaultListAdapter.get(DefaultListAdapter.java:75)
at freemarker.core.DynamicKeyName.dealWithNumericalKey(DynamicKeyName.java:104)
at freemarker.core.DynamicKeyName._eval(DynamicKeyName.java:69)
at freemarker.core.Expression.eval(Expression.java:78)
at freemarker.core.Assignment.accept(Assignment.java:131)
at freemarker.core.Environment.visit(Environment.java:324)
at freemarker.core.MixedContent.accept(MixedContent.java:54)
at freemarker.core.Environment.visitByHiddingParent(Environment.java:345)
at freemarker.core.ConditionalBlock.accept(ConditionalBlock.java:48)
at freemarker.core.Environment.visit(Environment.java:324)
at freemarker.core.MixedContent.accept(MixedContent.java:54)
at freemarker.core.Environment.visit(Environment.java:324)
at freemarker.core.Environment.process(Environment.java:302)
at freemarker.template.Template.process(Template.java:325)
at com.aventstack.extentreports.reporter.ExtentHtmlReporter.flush(ExtentHtmlReporter.java:142)
at java.util.ArrayList.forEach(Unknown Source)
at com.aventstack.extentreports.Report.notifyReporters(Report.java:247)
at com.aventstack.extentreports.Report.flush(Report.java:169)
at com.aventstack.extentreports.ExtentReports.flush(ExtentReports.java:272)
at webShop.Category.tearDown(Category.java:123)
at sun.reflect.NativeMethodAccessorImpl.invoke0(Native Method)
at sun.reflect.NativeMethodAccessorImpl.invoke(Unknown Source)
at sun.reflect.DelegatingMethodAccessorImpl.invoke(Unknown Source)
at java.lang.reflect.Method.invoke(Unknown Source)
at org.testng.internal.MethodInvocationHelper.invokeMethod(MethodInvocationHelper.java:124)
at org.testng.internal.MethodInvocationHelper.invokeMethodConsideringTimeout(MethodInvocationHelper.java:59)
at org.testng.internal.Invoker.invokeConfigurationMethod(Invoker.java:455)
at org.testng.internal.Invoker.invokeConfigurations(Invoker.java:222)
at org.testng.internal.Invoker.invokeMethod(Invoker.java:643)
at org.testng.internal.Invoker.invokeTestMethod(Invoker.java:716)
at org.testng.internal.Invoker.invokeTestMethods(Invoker.java:988)
at org.testng.internal.TestMethodWorker.invokeTestMethods(TestMethodWorker.java:125)
at org.testng.internal.TestMethodWorker.run(TestMethodWorker.java:109)
at org.testng.TestRunner.privateRun(TestRunner.java:648)
at org.testng.TestRunner.run(TestRunner.java:505)
at org.testng.SuiteRunner.runTest(SuiteRunner.java:455)
at org.testng.SuiteRunner.runSequentially(SuiteRunner.java:450)
at org.testng.SuiteRunner.privateRun(SuiteRunner.java:415)
at org.testng.SuiteRunner.run(SuiteRunner.java:364)
at org.testng.SuiteRunnerWorker.runSuite(SuiteRunnerWorker.java:52)
at org.testng.SuiteRunnerWorker.run(SuiteRunnerWorker.java:84)
at org.testng.TestNG.runSuitesSequentially(TestNG.java:1208)
at org.testng.TestNG.runSuitesLocally(TestNG.java:1137)
at org.testng.TestNG.runSuites(TestNG.java:1049)
at org.testng.TestNG.run(TestNG.java:1017)
at org.testng.remote.AbstractRemoteTestNG.run(AbstractRemoteTestNG.java:114)
at org.testng.remote.RemoteTestNG.initAndRun(RemoteTestNG.java:251)
at org.testng.remote.RemoteTestNG.main(RemoteTestNG.java:77)
Caused by: java.lang.ClassNotFoundException: org.bson.types.ObjectId
at java.net.URLClassLoader.findClass(Unknown Source)
at java.lang.ClassLoader.loadClass(Unknown Source)
at sun.misc.Launcher$AppClassLoader.loadClass(Unknown Source)
at java.lang.ClassLoader.loadClass(Unknown Source)
... 66 more
]]>
    </failure>
  </testcase> <!-- @AfterMethod tearDown -->
  <testcase name="@AfterMethod tearDown" time="0.0" classname="webShop.Category">
    <skipped/>
  </testcase> <!-- @AfterMethod tearDown -->
  <testcase name="@AfterTest endSession" time="0.0" classname="webShop.Category">
    <skipped/>
  </testcase> <!-- @AfterTest endSession -->
  <testcase name="opewebshop" time="8.581" classname="webShop.Category">
    <failure type="java.lang.AssertionError" message="expected [Callme - NOT FOR COMMERCIAL USE] but found [Google]">
      <![CDATA[java.lang.AssertionError: expected [Callme - NOT FOR COMMERCIAL USE] but found [Google]
at org.testng.Assert.fail(Assert.java:96)
at org.testng.Assert.failNotEquals(Assert.java:776)
at org.testng.Assert.assertEqualsImpl(Assert.java:137)
at org.testng.Assert.assertEquals(Assert.java:118)
at org.testng.Assert.assertEquals(Assert.java:453)
at org.testng.Assert.assertEquals(Assert.java:463)
at webShop.Category.opewebshop(Category.java:66)
at sun.reflect.NativeMethodAccessorImpl.invoke0(Native Method)
at sun.reflect.NativeMethodAccessorImpl.invoke(Unknown Source)
at sun.reflect.DelegatingMethodAccessorImpl.invoke(Unknown Source)
at java.lang.reflect.Method.invoke(Unknown Source)
at org.testng.internal.MethodInvocationHelper.invokeMethod(MethodInvocationHelper.java:124)
at org.testng.internal.Invoker.invokeMethod(Invoker.java:580)
at org.testng.internal.Invoker.invokeTestMethod(Invoker.java:716)
at org.testng.internal.Invoker.invokeTestMethods(Invoker.java:988)
at org.testng.internal.TestMethodWorker.invokeTestMethods(TestMethodWorker.java:125)
at org.testng.internal.TestMethodWorker.run(TestMethodWorker.java:109)
at org.testng.TestRunner.privateRun(TestRunner.java:648)
at org.testng.TestRunner.run(TestRunner.java:505)
at org.testng.SuiteRunner.runTest(SuiteRunner.java:455)
at org.testng.SuiteRunner.runSequentially(SuiteRunner.java:450)
at org.testng.SuiteRunner.privateRun(SuiteRunner.java:415)
at org.testng.SuiteRunner.run(SuiteRunner.java:364)
at org.testng.SuiteRunnerWorker.runSuite(SuiteRunnerWorker.java:52)
at org.testng.SuiteRunnerWorker.run(SuiteRunnerWorker.java:84)
at org.testng.TestNG.runSuitesSequentially(TestNG.java:1208)
at org.testng.TestNG.runSuitesLocally(TestNG.java:1137)
at org.testng.TestNG.runSuites(TestNG.java:1049)
at org.testng.TestNG.run(TestNG.java:1017)
at org.testng.remote.AbstractRemoteTestNG.run(AbstractRemoteTestNG.java:114)
at org.testng.remote.RemoteTestNG.initAndRun(RemoteTestNG.java:251)
at org.testng.remote.RemoteTestNG.main(RemoteTestNG.java:77)
]]>
    </failure>
  </testcase> <!-- opewebshop -->
  <testcase name="Filteringfunction" time="0.0" classname="webShop.Category">
    <skipped/>
  </testcase> <!-- Filteringfunction -->
</testsuite> <!-- Default test -->
