<?xml version="1.0" encoding="UTF-8"?>
<!-- Generated by org.testng.reporters.JUnitXMLReporter -->
<testsuite hostname="INPUHJLP07059" name="Test" tests="2" failures="1" timestamp="19 Nov 2018 10:16:29 GMT" time="59.402" errors="0">
  <testcase name="testPageTitle" time="24.078" classname="webShop.webShop">
    <failure type="java.lang.AssertionError" message="expected [Wrong] but found [Google]">
      <![CDATA[java.lang.AssertionError: expected [Wrong] but found [Google]
	at webShop.webShop.testPageTitle(webShop.java:45)
... Removed 28 stack frames]]>
    </failure>
  </testcase> <!-- testPageTitle -->
  <testcase name="testgooglrsearch" time="35.294" classname="webShop.webShop"/>
</testsuite> <!-- Test -->
