<?xml version="1.0" encoding="UTF-8"?>
<testng-results skipped="2" failed="1" ignored="0" total="3" passed="0">
  <reporter-output>
  </reporter-output>
  <suite name="Default suite" duration-ms="190590" started-at="2019-01-28T06:45:20Z" finished-at="2019-01-28T06:48:31Z">
    <groups>
    </groups>
    <test name="Default test" duration-ms="190590" started-at="2019-01-28T06:45:20Z" finished-at="2019-01-28T06:48:31Z">
      <class name="webShop.Category">
        <test-method status="PASS" signature="setBaseURL()[pri:0, instance:webShop.Category@1500955a]" name="setBaseURL" is-config="true" duration-ms="52050" started-at="2019-01-28T06:45:20Z" finished-at="2019-01-28T06:46:12Z">
          <reporter-output>
          </reporter-output>
        </test-method> <!-- setBaseURL -->
        <test-method status="PASS" signature="setupreport()[pri:0, instance:webShop.Category@1500955a]" name="setupreport" is-config="true" duration-ms="2321" started-at="2019-01-28T06:46:13Z" finished-at="2019-01-28T06:46:15Z">
          <reporter-output>
          </reporter-output>
        </test-method> <!-- setupreport -->
        <test-method status="FAIL" signature="opewebshop()[pri:0, instance:webShop.Category@1500955a]" name="opewebshop" duration-ms="134379" started-at="2019-01-28T06:46:15Z" finished-at="2019-01-28T06:48:29Z">
          <exception class="org.openqa.selenium.WebDriverException">
            <message>
              <![CDATA[Reached error page: about:neterror?e=nssFailure2&u=https%3A//web.pre.callme.dk/&c=UTF-8&f=regular&d=The%20connection%20to%20web.pre.callme.dk%20was%20interrupted%20while%20the%20page%20was%20loading.
Build info: version: '3.14.0', revision: 'aacccce0', time: '2018-08-02T20:05:20.749Z'
System info: host: 'INPUHJLP07059', ip: '10.20.231.81', os.name: 'Windows 10', os.arch: 'amd64', os.version: '10.0', java.version: '1.8.0_131'
Driver info: org.openqa.selenium.firefox.FirefoxDriver
Capabilities {acceptInsecureCerts: true, browserName: firefox, browserVersion: 64.0.2, capabilities: {desiredCapabilities: {acceptInsecureCerts: true, browserName: firefox}}, javascriptEnabled: true, moz:accessibilityChecks: false, moz:headless: false, moz:processID: 25376, moz:profile: C:\Users\as00360417\AppData..., moz:shutdownTimeout: 60000, moz:useNonSpecCompliantPointerOrigin: false, moz:webdriverClick: true, pageLoadStrategy: normal, platform: WINDOWS, platformName: WINDOWS, platformVersion: 10.0, rotatable: false, setWindowRect: true, timeouts: {implicit: 0, pageLoad: 300000, script: 30000}, unhandledPromptBehavior: dismiss and notify}
Session ID: 1c74305a-4350-4e5c-9ef0-02787e3c6725]]>
            </message>
            <full-stacktrace>
              <![CDATA[org.openqa.selenium.WebDriverException: Reached error page: about:neterror?e=nssFailure2&u=https%3A//web.pre.callme.dk/&c=UTF-8&f=regular&d=The%20connection%20to%20web.pre.callme.dk%20was%20interrupted%20while%20the%20page%20was%20loading.
Build info: version: '3.14.0', revision: 'aacccce0', time: '2018-08-02T20:05:20.749Z'
System info: host: 'INPUHJLP07059', ip: '10.20.231.81', os.name: 'Windows 10', os.arch: 'amd64', os.version: '10.0', java.version: '1.8.0_131'
Driver info: org.openqa.selenium.firefox.FirefoxDriver
Capabilities {acceptInsecureCerts: true, browserName: firefox, browserVersion: 64.0.2, capabilities: {desiredCapabilities: {acceptInsecureCerts: true, browserName: firefox}}, javascriptEnabled: true, moz:accessibilityChecks: false, moz:headless: false, moz:processID: 25376, moz:profile: C:\Users\as00360417\AppData..., moz:shutdownTimeout: 60000, moz:useNonSpecCompliantPointerOrigin: false, moz:webdriverClick: true, pageLoadStrategy: normal, platform: WINDOWS, platformName: WINDOWS, platformVersion: 10.0, rotatable: false, setWindowRect: true, timeouts: {implicit: 0, pageLoad: 300000, script: 30000}, unhandledPromptBehavior: dismiss and notify}
Session ID: 1c74305a-4350-4e5c-9ef0-02787e3c6725
at sun.reflect.NativeConstructorAccessorImpl.newInstance0(Native Method)
at sun.reflect.NativeConstructorAccessorImpl.newInstance(Unknown Source)
at sun.reflect.DelegatingConstructorAccessorImpl.newInstance(Unknown Source)
at java.lang.reflect.Constructor.newInstance(Unknown Source)
at org.openqa.selenium.remote.http.W3CHttpResponseCodec.createException(W3CHttpResponseCodec.java:187)
at org.openqa.selenium.remote.http.W3CHttpResponseCodec.decode(W3CHttpResponseCodec.java:122)
at org.openqa.selenium.remote.http.W3CHttpResponseCodec.decode(W3CHttpResponseCodec.java:49)
at org.openqa.selenium.remote.HttpCommandExecutor.execute(HttpCommandExecutor.java:158)
at org.openqa.selenium.remote.service.DriverCommandExecutor.execute(DriverCommandExecutor.java:83)
at org.openqa.selenium.remote.RemoteWebDriver.execute(RemoteWebDriver.java:548)
at org.openqa.selenium.remote.RemoteWebDriver.get(RemoteWebDriver.java:276)
at webShop.Category.opewebshop(Category.java:54)
at sun.reflect.NativeMethodAccessorImpl.invoke0(Native Method)
at sun.reflect.NativeMethodAccessorImpl.invoke(Unknown Source)
at sun.reflect.DelegatingMethodAccessorImpl.invoke(Unknown Source)
at java.lang.reflect.Method.invoke(Unknown Source)
at org.testng.internal.MethodInvocationHelper.invokeMethod(MethodInvocationHelper.java:124)
at org.testng.internal.Invoker.invokeMethod(Invoker.java:580)
at org.testng.internal.Invoker.invokeTestMethod(Invoker.java:716)
at org.testng.internal.Invoker.invokeTestMethods(Invoker.java:988)
at org.testng.internal.TestMethodWorker.invokeTestMethods(TestMethodWorker.java:125)
at org.testng.internal.TestMethodWorker.run(TestMethodWorker.java:109)
at org.testng.TestRunner.privateRun(TestRunner.java:648)
at org.testng.TestRunner.run(TestRunner.java:505)
at org.testng.SuiteRunner.runTest(SuiteRunner.java:455)
at org.testng.SuiteRunner.runSequentially(SuiteRunner.java:450)
at org.testng.SuiteRunner.privateRun(SuiteRunner.java:415)
at org.testng.SuiteRunner.run(SuiteRunner.java:364)
at org.testng.SuiteRunnerWorker.runSuite(SuiteRunnerWorker.java:52)
at org.testng.SuiteRunnerWorker.run(SuiteRunnerWorker.java:84)
at org.testng.TestNG.runSuitesSequentially(TestNG.java:1208)
at org.testng.TestNG.runSuitesLocally(TestNG.java:1137)
at org.testng.TestNG.runSuites(TestNG.java:1049)
at org.testng.TestNG.run(TestNG.java:1017)
at org.testng.remote.AbstractRemoteTestNG.run(AbstractRemoteTestNG.java:114)
at org.testng.remote.RemoteTestNG.initAndRun(RemoteTestNG.java:251)
at org.testng.remote.RemoteTestNG.main(RemoteTestNG.java:77)
]]>
            </full-stacktrace>
          </exception> <!-- org.openqa.selenium.WebDriverException -->
          <reporter-output>
          </reporter-output>
        </test-method> <!-- opewebshop -->
        <test-method status="FAIL" signature="tearDown(org.testng.ITestResult)[pri:0, instance:webShop.Category@1500955a]" name="tearDown" is-config="true" duration-ms="1395" started-at="2019-01-28T06:48:29Z" finished-at="2019-01-28T06:48:31Z">
          <params>
            <param index="0">
              <value>
                <![CDATA[[TestResult name=opewebshop status=FAILURE method=Category.opewebshop()[pri:0, instance:webShop.Category@1500955a] output={null}]]]>
              </value>
            </param>
          </params>
          <exception class="java.lang.NoClassDefFoundError">
            <message>
              <![CDATA[org/bson/types/ObjectId]]>
            </message>
            <full-stacktrace>
              <![CDATA[java.lang.NoClassDefFoundError: org/bson/types/ObjectId
at java.lang.Class.getDeclaredMethods0(Native Method)
at java.lang.Class.privateGetDeclaredMethods(Unknown Source)
at java.lang.Class.privateGetPublicMethods(Unknown Source)
at java.lang.Class.getMethods(Unknown Source)
at freemarker.ext.beans.ClassIntrospector.discoverAccessibleMethods(ClassIntrospector.java:464)
at freemarker.ext.beans.ClassIntrospector.discoverAccessibleMethods(ClassIntrospector.java:457)
at freemarker.ext.beans.ClassIntrospector.createClassIntrospectionData(ClassIntrospector.java:268)
at freemarker.ext.beans.ClassIntrospector.get(ClassIntrospector.java:244)
at freemarker.ext.beans.BeanModel.<init>(BeanModel.java:114)
at freemarker.ext.beans.BeanModel.<init>(BeanModel.java:104)
at freemarker.ext.beans.StringModel.<init>(StringModel.java:52)
at freemarker.ext.beans.StringModel$1.create(StringModel.java:37)
at freemarker.ext.beans.BeansModelCache.create(BeansModelCache.java:71)
at freemarker.ext.util.ModelCache.getInstance(ModelCache.java:84)
at freemarker.ext.beans.BeansWrapper.wrap(BeansWrapper.java:860)
at freemarker.template.DefaultObjectWrapper.handleUnknownType(DefaultObjectWrapper.java:235)
at freemarker.template.DefaultObjectWrapper.wrap(DefaultObjectWrapper.java:214)
at freemarker.template.WrappingTemplateModel.wrap(WrappingTemplateModel.java:105)
at freemarker.template.DefaultListAdapter.get(DefaultListAdapter.java:75)
at freemarker.core.DynamicKeyName.dealWithNumericalKey(DynamicKeyName.java:104)
at freemarker.core.DynamicKeyName._eval(DynamicKeyName.java:69)
at freemarker.core.Expression.eval(Expression.java:78)
at freemarker.core.Assignment.accept(Assignment.java:131)
at freemarker.core.Environment.visit(Environment.java:324)
at freemarker.core.MixedContent.accept(MixedContent.java:54)
at freemarker.core.Environment.visitByHiddingParent(Environment.java:345)
at freemarker.core.ConditionalBlock.accept(ConditionalBlock.java:48)
at freemarker.core.Environment.visit(Environment.java:324)
at freemarker.core.MixedContent.accept(MixedContent.java:54)
at freemarker.core.Environment.visit(Environment.java:324)
at freemarker.core.Environment.process(Environment.java:302)
at freemarker.template.Template.process(Template.java:325)
at com.aventstack.extentreports.reporter.ExtentHtmlReporter.flush(ExtentHtmlReporter.java:142)
at java.util.ArrayList.forEach(Unknown Source)
at com.aventstack.extentreports.Report.notifyReporters(Report.java:247)
at com.aventstack.extentreports.Report.flush(Report.java:169)
at com.aventstack.extentreports.ExtentReports.flush(ExtentReports.java:272)
at webShop.Category.tearDown(Category.java:107)
at sun.reflect.NativeMethodAccessorImpl.invoke0(Native Method)
at sun.reflect.NativeMethodAccessorImpl.invoke(Unknown Source)
at sun.reflect.DelegatingMethodAccessorImpl.invoke(Unknown Source)
at java.lang.reflect.Method.invoke(Unknown Source)
at org.testng.internal.MethodInvocationHelper.invokeMethod(MethodInvocationHelper.java:124)
at org.testng.internal.MethodInvocationHelper.invokeMethodConsideringTimeout(MethodInvocationHelper.java:59)
at org.testng.internal.Invoker.invokeConfigurationMethod(Invoker.java:455)
at org.testng.internal.Invoker.invokeConfigurations(Invoker.java:222)
at org.testng.internal.Invoker.invokeMethod(Invoker.java:643)
at org.testng.internal.Invoker.invokeTestMethod(Invoker.java:716)
at org.testng.internal.Invoker.invokeTestMethods(Invoker.java:988)
at org.testng.internal.TestMethodWorker.invokeTestMethods(TestMethodWorker.java:125)
at org.testng.internal.TestMethodWorker.run(TestMethodWorker.java:109)
at org.testng.TestRunner.privateRun(TestRunner.java:648)
at org.testng.TestRunner.run(TestRunner.java:505)
at org.testng.SuiteRunner.runTest(SuiteRunner.java:455)
at org.testng.SuiteRunner.runSequentially(SuiteRunner.java:450)
at org.testng.SuiteRunner.privateRun(SuiteRunner.java:415)
at org.testng.SuiteRunner.run(SuiteRunner.java:364)
at org.testng.SuiteRunnerWorker.runSuite(SuiteRunnerWorker.java:52)
at org.testng.SuiteRunnerWorker.run(SuiteRunnerWorker.java:84)
at org.testng.TestNG.runSuitesSequentially(TestNG.java:1208)
at org.testng.TestNG.runSuitesLocally(TestNG.java:1137)
at org.testng.TestNG.runSuites(TestNG.java:1049)
at org.testng.TestNG.run(TestNG.java:1017)
at org.testng.remote.AbstractRemoteTestNG.run(AbstractRemoteTestNG.java:114)
at org.testng.remote.RemoteTestNG.initAndRun(RemoteTestNG.java:251)
at org.testng.remote.RemoteTestNG.main(RemoteTestNG.java:77)
Caused by: java.lang.ClassNotFoundException: org.bson.types.ObjectId
at java.net.URLClassLoader.findClass(Unknown Source)
at java.lang.ClassLoader.loadClass(Unknown Source)
at sun.misc.Launcher$AppClassLoader.loadClass(Unknown Source)
at java.lang.ClassLoader.loadClass(Unknown Source)
... 66 more
]]>
            </full-stacktrace>
          </exception> <!-- java.lang.NoClassDefFoundError -->
          <reporter-output>
          </reporter-output>
        </test-method> <!-- tearDown -->
        <test-method status="SKIP" signature="setupreport()[pri:0, instance:webShop.Category@1500955a]" name="setupreport" is-config="true" duration-ms="0" started-at="2019-01-28T06:48:31Z" finished-at="2019-01-28T06:48:31Z">
          <reporter-output>
          </reporter-output>
        </test-method> <!-- setupreport -->
        <test-method status="SKIP" signature="Filteringfunction()[pri:1, instance:webShop.Category@1500955a]" name="Filteringfunction" duration-ms="0" started-at="2019-01-28T06:48:31Z" finished-at="2019-01-28T06:48:31Z">
          <exception class="java.lang.NoClassDefFoundError">
            <message>
              <![CDATA[org/bson/types/ObjectId]]>
            </message>
            <full-stacktrace>
              <![CDATA[java.lang.NoClassDefFoundError: org/bson/types/ObjectId
at java.lang.Class.getDeclaredMethods0(Native Method)
at java.lang.Class.privateGetDeclaredMethods(Unknown Source)
at java.lang.Class.privateGetPublicMethods(Unknown Source)
at java.lang.Class.getMethods(Unknown Source)
at freemarker.ext.beans.ClassIntrospector.discoverAccessibleMethods(ClassIntrospector.java:464)
at freemarker.ext.beans.ClassIntrospector.discoverAccessibleMethods(ClassIntrospector.java:457)
at freemarker.ext.beans.ClassIntrospector.createClassIntrospectionData(ClassIntrospector.java:268)
at freemarker.ext.beans.ClassIntrospector.get(ClassIntrospector.java:244)
at freemarker.ext.beans.BeanModel.<init>(BeanModel.java:114)
at freemarker.ext.beans.BeanModel.<init>(BeanModel.java:104)
at freemarker.ext.beans.StringModel.<init>(StringModel.java:52)
at freemarker.ext.beans.StringModel$1.create(StringModel.java:37)
at freemarker.ext.beans.BeansModelCache.create(BeansModelCache.java:71)
at freemarker.ext.util.ModelCache.getInstance(ModelCache.java:84)
at freemarker.ext.beans.BeansWrapper.wrap(BeansWrapper.java:860)
at freemarker.template.DefaultObjectWrapper.handleUnknownType(DefaultObjectWrapper.java:235)
at freemarker.template.DefaultObjectWrapper.wrap(DefaultObjectWrapper.java:214)
at freemarker.template.WrappingTemplateModel.wrap(WrappingTemplateModel.java:105)
at freemarker.template.DefaultListAdapter.get(DefaultListAdapter.java:75)
at freemarker.core.DynamicKeyName.dealWithNumericalKey(DynamicKeyName.java:104)
at freemarker.core.DynamicKeyName._eval(DynamicKeyName.java:69)
at freemarker.core.Expression.eval(Expression.java:78)
at freemarker.core.Assignment.accept(Assignment.java:131)
at freemarker.core.Environment.visit(Environment.java:324)
at freemarker.core.MixedContent.accept(MixedContent.java:54)
at freemarker.core.Environment.visitByHiddingParent(Environment.java:345)
at freemarker.core.ConditionalBlock.accept(ConditionalBlock.java:48)
at freemarker.core.Environment.visit(Environment.java:324)
at freemarker.core.MixedContent.accept(MixedContent.java:54)
at freemarker.core.Environment.visit(Environment.java:324)
at freemarker.core.Environment.process(Environment.java:302)
at freemarker.template.Template.process(Template.java:325)
at com.aventstack.extentreports.reporter.ExtentHtmlReporter.flush(ExtentHtmlReporter.java:142)
at java.util.ArrayList.forEach(Unknown Source)
at com.aventstack.extentreports.Report.notifyReporters(Report.java:247)
at com.aventstack.extentreports.Report.flush(Report.java:169)
at com.aventstack.extentreports.ExtentReports.flush(ExtentReports.java:272)
at webShop.Category.tearDown(Category.java:107)
at sun.reflect.NativeMethodAccessorImpl.invoke0(Native Method)
at sun.reflect.NativeMethodAccessorImpl.invoke(Unknown Source)
at sun.reflect.DelegatingMethodAccessorImpl.invoke(Unknown Source)
at java.lang.reflect.Method.invoke(Unknown Source)
at org.testng.internal.MethodInvocationHelper.invokeMethod(MethodInvocationHelper.java:124)
at org.testng.internal.MethodInvocationHelper.invokeMethodConsideringTimeout(MethodInvocationHelper.java:59)
at org.testng.internal.Invoker.invokeConfigurationMethod(Invoker.java:455)
at org.testng.internal.Invoker.invokeConfigurations(Invoker.java:222)
at org.testng.internal.Invoker.invokeMethod(Invoker.java:643)
at org.testng.internal.Invoker.invokeTestMethod(Invoker.java:716)
at org.testng.internal.Invoker.invokeTestMethods(Invoker.java:988)
at org.testng.internal.TestMethodWorker.invokeTestMethods(TestMethodWorker.java:125)
at org.testng.internal.TestMethodWorker.run(TestMethodWorker.java:109)
at org.testng.TestRunner.privateRun(TestRunner.java:648)
at org.testng.TestRunner.run(TestRunner.java:505)
at org.testng.SuiteRunner.runTest(SuiteRunner.java:455)
at org.testng.SuiteRunner.runSequentially(SuiteRunner.java:450)
at org.testng.SuiteRunner.privateRun(SuiteRunner.java:415)
at org.testng.SuiteRunner.run(SuiteRunner.java:364)
at org.testng.SuiteRunnerWorker.runSuite(SuiteRunnerWorker.java:52)
at org.testng.SuiteRunnerWorker.run(SuiteRunnerWorker.java:84)
at org.testng.TestNG.runSuitesSequentially(TestNG.java:1208)
at org.testng.TestNG.runSuitesLocally(TestNG.java:1137)
at org.testng.TestNG.runSuites(TestNG.java:1049)
at org.testng.TestNG.run(TestNG.java:1017)
at org.testng.remote.AbstractRemoteTestNG.run(AbstractRemoteTestNG.java:114)
at org.testng.remote.RemoteTestNG.initAndRun(RemoteTestNG.java:251)
at org.testng.remote.RemoteTestNG.main(RemoteTestNG.java:77)
Caused by: java.lang.ClassNotFoundException: org.bson.types.ObjectId
at java.net.URLClassLoader.findClass(Unknown Source)
at java.lang.ClassLoader.loadClass(Unknown Source)
at sun.misc.Launcher$AppClassLoader.loadClass(Unknown Source)
at java.lang.ClassLoader.loadClass(Unknown Source)
... 66 more
]]>
            </full-stacktrace>
          </exception> <!-- java.lang.NoClassDefFoundError -->
          <reporter-output>
          </reporter-output>
        </test-method> <!-- Filteringfunction -->
        <test-method status="SKIP" signature="tearDown(org.testng.ITestResult)[pri:0, instance:webShop.Category@1500955a]" name="tearDown" is-config="true" duration-ms="0" started-at="2019-01-28T06:48:31Z" finished-at="2019-01-28T06:48:31Z">
          <reporter-output>
          </reporter-output>
        </test-method> <!-- tearDown -->
        <test-method status="SKIP" signature="setupreport()[pri:0, instance:webShop.Category@1500955a]" name="setupreport" is-config="true" duration-ms="0" started-at="2019-01-28T06:48:31Z" finished-at="2019-01-28T06:48:31Z">
          <reporter-output>
          </reporter-output>
        </test-method> <!-- setupreport -->
        <test-method status="SKIP" signature="comparettwohandsets()[pri:2, instance:webShop.Category@1500955a]" name="comparettwohandsets" duration-ms="0" started-at="2019-01-28T06:48:31Z" finished-at="2019-01-28T06:48:31Z">
          <exception class="java.lang.NoClassDefFoundError">
            <message>
              <![CDATA[org/bson/types/ObjectId]]>
            </message>
            <full-stacktrace>
              <![CDATA[java.lang.NoClassDefFoundError: org/bson/types/ObjectId
at java.lang.Class.getDeclaredMethods0(Native Method)
at java.lang.Class.privateGetDeclaredMethods(Unknown Source)
at java.lang.Class.privateGetPublicMethods(Unknown Source)
at java.lang.Class.getMethods(Unknown Source)
at freemarker.ext.beans.ClassIntrospector.discoverAccessibleMethods(ClassIntrospector.java:464)
at freemarker.ext.beans.ClassIntrospector.discoverAccessibleMethods(ClassIntrospector.java:457)
at freemarker.ext.beans.ClassIntrospector.createClassIntrospectionData(ClassIntrospector.java:268)
at freemarker.ext.beans.ClassIntrospector.get(ClassIntrospector.java:244)
at freemarker.ext.beans.BeanModel.<init>(BeanModel.java:114)
at freemarker.ext.beans.BeanModel.<init>(BeanModel.java:104)
at freemarker.ext.beans.StringModel.<init>(StringModel.java:52)
at freemarker.ext.beans.StringModel$1.create(StringModel.java:37)
at freemarker.ext.beans.BeansModelCache.create(BeansModelCache.java:71)
at freemarker.ext.util.ModelCache.getInstance(ModelCache.java:84)
at freemarker.ext.beans.BeansWrapper.wrap(BeansWrapper.java:860)
at freemarker.template.DefaultObjectWrapper.handleUnknownType(DefaultObjectWrapper.java:235)
at freemarker.template.DefaultObjectWrapper.wrap(DefaultObjectWrapper.java:214)
at freemarker.template.WrappingTemplateModel.wrap(WrappingTemplateModel.java:105)
at freemarker.template.DefaultListAdapter.get(DefaultListAdapter.java:75)
at freemarker.core.DynamicKeyName.dealWithNumericalKey(DynamicKeyName.java:104)
at freemarker.core.DynamicKeyName._eval(DynamicKeyName.java:69)
at freemarker.core.Expression.eval(Expression.java:78)
at freemarker.core.Assignment.accept(Assignment.java:131)
at freemarker.core.Environment.visit(Environment.java:324)
at freemarker.core.MixedContent.accept(MixedContent.java:54)
at freemarker.core.Environment.visitByHiddingParent(Environment.java:345)
at freemarker.core.ConditionalBlock.accept(ConditionalBlock.java:48)
at freemarker.core.Environment.visit(Environment.java:324)
at freemarker.core.MixedContent.accept(MixedContent.java:54)
at freemarker.core.Environment.visit(Environment.java:324)
at freemarker.core.Environment.process(Environment.java:302)
at freemarker.template.Template.process(Template.java:325)
at com.aventstack.extentreports.reporter.ExtentHtmlReporter.flush(ExtentHtmlReporter.java:142)
at java.util.ArrayList.forEach(Unknown Source)
at com.aventstack.extentreports.Report.notifyReporters(Report.java:247)
at com.aventstack.extentreports.Report.flush(Report.java:169)
at com.aventstack.extentreports.ExtentReports.flush(ExtentReports.java:272)
at webShop.Category.tearDown(Category.java:107)
at sun.reflect.NativeMethodAccessorImpl.invoke0(Native Method)
at sun.reflect.NativeMethodAccessorImpl.invoke(Unknown Source)
at sun.reflect.DelegatingMethodAccessorImpl.invoke(Unknown Source)
at java.lang.reflect.Method.invoke(Unknown Source)
at org.testng.internal.MethodInvocationHelper.invokeMethod(MethodInvocationHelper.java:124)
at org.testng.internal.MethodInvocationHelper.invokeMethodConsideringTimeout(MethodInvocationHelper.java:59)
at org.testng.internal.Invoker.invokeConfigurationMethod(Invoker.java:455)
at org.testng.internal.Invoker.invokeConfigurations(Invoker.java:222)
at org.testng.internal.Invoker.invokeMethod(Invoker.java:643)
at org.testng.internal.Invoker.invokeTestMethod(Invoker.java:716)
at org.testng.internal.Invoker.invokeTestMethods(Invoker.java:988)
at org.testng.internal.TestMethodWorker.invokeTestMethods(TestMethodWorker.java:125)
at org.testng.internal.TestMethodWorker.run(TestMethodWorker.java:109)
at org.testng.TestRunner.privateRun(TestRunner.java:648)
at org.testng.TestRunner.run(TestRunner.java:505)
at org.testng.SuiteRunner.runTest(SuiteRunner.java:455)
at org.testng.SuiteRunner.runSequentially(SuiteRunner.java:450)
at org.testng.SuiteRunner.privateRun(SuiteRunner.java:415)
at org.testng.SuiteRunner.run(SuiteRunner.java:364)
at org.testng.SuiteRunnerWorker.runSuite(SuiteRunnerWorker.java:52)
at org.testng.SuiteRunnerWorker.run(SuiteRunnerWorker.java:84)
at org.testng.TestNG.runSuitesSequentially(TestNG.java:1208)
at org.testng.TestNG.runSuitesLocally(TestNG.java:1137)
at org.testng.TestNG.runSuites(TestNG.java:1049)
at org.testng.TestNG.run(TestNG.java:1017)
at org.testng.remote.AbstractRemoteTestNG.run(AbstractRemoteTestNG.java:114)
at org.testng.remote.RemoteTestNG.initAndRun(RemoteTestNG.java:251)
at org.testng.remote.RemoteTestNG.main(RemoteTestNG.java:77)
Caused by: java.lang.ClassNotFoundException: org.bson.types.ObjectId
at java.net.URLClassLoader.findClass(Unknown Source)
at java.lang.ClassLoader.loadClass(Unknown Source)
at sun.misc.Launcher$AppClassLoader.loadClass(Unknown Source)
at java.lang.ClassLoader.loadClass(Unknown Source)
... 66 more
]]>
            </full-stacktrace>
          </exception> <!-- java.lang.NoClassDefFoundError -->
          <reporter-output>
          </reporter-output>
        </test-method> <!-- comparettwohandsets -->
        <test-method status="SKIP" signature="tearDown(org.testng.ITestResult)[pri:0, instance:webShop.Category@1500955a]" name="tearDown" is-config="true" duration-ms="0" started-at="2019-01-28T06:48:31Z" finished-at="2019-01-28T06:48:31Z">
          <reporter-output>
          </reporter-output>
        </test-method> <!-- tearDown -->
        <test-method status="SKIP" signature="endSession()[pri:0, instance:webShop.Category@1500955a]" name="endSession" is-config="true" duration-ms="0" started-at="2019-01-28T06:48:31Z" finished-at="2019-01-28T06:48:31Z">
          <reporter-output>
          </reporter-output>
        </test-method> <!-- endSession -->
      </class> <!-- webShop.Category -->
    </test> <!-- Default test -->
  </suite> <!-- Default suite -->
</testng-results>
